Log dir:../log/2024-05-17_05-43-04
Device:cuda
model_config:
  embedding_size: 128
  dropout_rate: 0.5
  learning_rate: 0.001
  weight_decay: 1.0e-05
training_config:
  batch_size: 64
  num_epochs: 30
data_config:
  train_path: ../data/ml-100k/u1.base
  test_path: ../data/ml-100k/u1.test
  num_items: 1682
  num_users: 943

Our model
------------------------------------------
user_embeddings.weight: 0.4609 MB
item_embeddings.weight: 0.8218 MB
user_biases.weight: 0.0036 MB
item_biases.weight: 0.0064 MB
user_linear.weight: 0.0625 MB
item_linear.weight: 0.0625 MB
------------------------------------------
Total trainable parameters: 1.4177 MB
Before training RMSE:1.256936969603407
Epoch 1/30,	 Train Loss: 1.0157060450077058,	 Eval Loss: 1.0114426729968562,	 RMSE: 0.9905893741441619
Epoch 2/30,	 Train Loss: 0.9126781041145324,	 Eval Loss: 0.9328874078231116,	 RMSE: 0.9523372331101455
Validation loss decreased.  Saving model ...
Epoch 3/30,	 Train Loss: 0.8525538099050521,	 Eval Loss: 0.9159187233676545,	 RMSE: 0.9434544843447916
Validation loss decreased.  Saving model ...
Epoch 4/30,	 Train Loss: 0.8071647161006927,	 Eval Loss: 0.8877554075976911,	 RMSE: 0.9289583729750093
Validation loss decreased.  Saving model ...
Epoch 5/30,	 Train Loss: 0.7633858560085297,	 Eval Loss: 0.8859026397759922,	 RMSE: 0.9276588775012129
Validation loss decreased.  Saving model ...
Epoch 6/30,	 Train Loss: 0.7188825669765473,	 Eval Loss: 0.8956640571260605,	 RMSE: 0.9332433141210744
Epoch 7/30,	 Train Loss: 0.6611667444944381,	 Eval Loss: 0.9207201219214418,	 RMSE: 0.9465218362584638
Epoch 8/30,	 Train Loss: 0.594550667309761,	 Eval Loss: 0.9485750269775574,	 RMSE: 0.9599313868707426
Epoch 9/30,	 Train Loss: 0.5296134816884994,	 Eval Loss: 0.9930710363121459,	 RMSE: 0.9819735626605514
Epoch 10/30,	 Train Loss: 0.47020869846343993,	 Eval Loss: 1.0293259287413699,	 RMSE: 0.9989176121010649
Stopping training.
Minimum RMSE:0.9276588775012129
