Log dir:../log/2024-05-17_07-50-57
Device:cuda
model_config:
  embedding_size: 128
  dropout_rate: 0.5
  learning_rate: 0.001
  weight_decay: 1.0e-05
training_config:
  batch_size: 64
  num_epochs: 30
data_config:
  train_path: ../data/ml-100k/u1.base
  test_path: ../data/ml-100k/u1.test
  num_items: 1682
  num_users: 943

Our model
------------------------------------------
user_embeddings.weight: 0.4609 MB
item_embeddings.weight: 0.8218 MB
user_biases.weight: 0.0036 MB
item_biases.weight: 0.0064 MB
user_linear.weight: 0.0625 MB
item_linear.weight: 0.0625 MB
user_feature_linear.weight: 0.0112 MB
item_feature_linear.weight: 0.0093 MB
------------------------------------------
Total trainable parameters: 1.4382 MB
Before training RMSE:1.7580103904515418
Epoch 1/30,	 Train Loss: 1.7047034669399261,	 Eval Loss: 1.1648272006465985,	 RMSE: 1.0658704183009704
Epoch 2/30,	 Train Loss: 0.9391633590936661,	 Eval Loss: 0.9864428130011208,	 RMSE: 0.9809937118838264
Epoch 3/30,	 Train Loss: 0.7938611438274383,	 Eval Loss: 0.9317188192480288,	 RMSE: 0.953258259597192
Epoch 4/30,	 Train Loss: 0.713293739414215,	 Eval Loss: 0.9378979540290162,	 RMSE: 0.956746319883171
Epoch 5/30,	 Train Loss: 0.6385895045995712,	 Eval Loss: 0.9197189254692187,	 RMSE: 0.9469197764054623
Epoch 6/30,	 Train Loss: 0.5725663094997406,	 Eval Loss: 0.9331364298400026,	 RMSE: 0.954456452091134
