Log dir:../log/2024-05-17_08-00-44
Device:cuda
model_config:
  embedding_size: 128
  dropout_rate: 0.5
  learning_rate: 0.001
  weight_decay: 1.0e-05
training_config:
  batch_size: 64
  num_epochs: 30
data_config:
  train_path: ../data/ml-100k/u1.base
  test_path: ../data/ml-100k/u1.test
  num_items: 1682
  num_users: 943

Our model
------------------------------------------
user_embeddings.weight: 0.4609 MB
item_embeddings.weight: 0.8218 MB
user_biases.weight: 0.0036 MB
item_biases.weight: 0.0064 MB
user_linear.weight: 0.0625 MB
item_linear.weight: 0.0625 MB
user_feature_linear.weight: 0.0112 MB
item_feature_linear.weight: 0.0093 MB
------------------------------------------
Total trainable parameters: 1.4382 MB
Before training RMSE:1.8192340269488778
Epoch 1/30,	 Train Loss: 1.065719703412056,	 Eval Loss: 0.9145546893532664,	 RMSE: 0.943258852177526
Epoch 2/30,	 Train Loss: 0.7748755427122116,	 Eval Loss: 0.8662679853340307,	 RMSE: 0.917997024705022
Epoch 3/30,	 Train Loss: 0.6478009501218795,	 Eval Loss: 0.8464278635887292,	 RMSE: 0.9074945829476535
Epoch 4/30,	 Train Loss: 0.5314148320794105,	 Eval Loss: 0.8584138256863664,	 RMSE: 0.9143279589965297
Epoch 5/30,	 Train Loss: 0.42653909059762957,	 Eval Loss: 0.8688074084706962,	 RMSE: 0.9195806408244349
Epoch 6/30,	 Train Loss: 0.33545327390432356,	 Eval Loss: 0.8963854729938812,	 RMSE: 0.9341338143948873
Epoch 7/30,	 Train Loss: 0.25995343750715255,	 Eval Loss: 0.9173330163803345,	 RMSE: 0.9448861730811888
Epoch 8/30,	 Train Loss: 0.20135777407288552,	 Eval Loss: 0.93720159810572,	 RMSE: 0.9551079350884208
Stopping training.
Minimum RMSE:0.9074945829476535
