Log dir:../log/2024-05-15_00-08-25
Device:cuda
model_config:
  embedding_size: 128
  dropout_rate: 0.5
  learning_rate: 0.001
  weight_decay: 1.0e-05
training_config:
  batch_size: 64
  num_epochs: 30
data_config:
  train_path: ../data/ml-100k/u1.base
  test_path: ../data/ml-100k/u1.test
  num_items: 1682
  num_users: 943

Baseline model:MatrixFactorization
------------------------------------------
global_bias: 0.0000 MB
user_embeddings.weight: 0.4609 MB
item_embeddings.weight: 0.8218 MB
user_biases.weight: 0.0036 MB
item_biases.weight: 0.0064 MB
------------------------------------------
Total trainable parameters: 1.2927 MB
Before training RMSE:1.2271982531622754
Epoch 1/30,	 Train Loss: 1.0526899736881257,	 Eval Loss: 0.9801109145624569,	 RMSE: 0.9750744021328758
Epoch 2/30,	 Train Loss: 0.8942594394207001,	 Eval Loss: 0.9411033535727297,	 RMSE: 0.9557554829499337
Validation loss decreased.  Saving model ...
Epoch 3/30,	 Train Loss: 0.8228985209226608,	 Eval Loss: 0.8917919397354126,	 RMSE: 0.9306279105978187
Validation loss decreased.  Saving model ...
Epoch 4/30,	 Train Loss: 0.7068493749618531,	 Eval Loss: 0.8591700284816206,	 RMSE: 0.9138221189267058
Validation loss decreased.  Saving model ...
Epoch 5/30,	 Train Loss: 0.5539652364730835,	 Eval Loss: 0.8485932875745974,	 RMSE: 0.9084149688758048
Validation loss decreased.  Saving model ...
Epoch 6/30,	 Train Loss: 0.4016563394665718,	 Eval Loss: 0.8589015172693295,	 RMSE: 0.9136597887710339
Epoch 7/30,	 Train Loss: 0.2836789897918701,	 Eval Loss: 0.8784245701072315,	 RMSE: 0.9240710691698081
Epoch 8/30,	 Train Loss: 0.20212921038866044,	 Eval Loss: 0.9034839861880476,	 RMSE: 0.9371194556282731
Epoch 9/30,	 Train Loss: 0.14722279165983201,	 Eval Loss: 0.9248333158203588,	 RMSE: 0.948229675622644
Epoch 10/30,	 Train Loss: 0.11040971273481846,	 Eval Loss: 0.9446884007118761,	 RMSE: 0.958484502578216
Stopping training.
Minimum RMSE:0.9084149688758048
