Log dir:../log/2024-04-30_20-05-21
Device:cuda
model_config:
  embedding_size: 128
  dropout_rate: 0.5
  learning_rate: 0.001
  weight_decay: 1.0e-05
training_config:
  batch_size: 64
  num_epochs: 30
data_config:
  train_path: ../data/ml-100k/u1.base
  test_path: ../data/ml-100k/u1.test

------------------------------------------
global_bias: 3.814697265625e-06 MB
user_embeddings.weight: 0.46044921875 MB
item_embeddings.weight: 0.8056640625 MB
user_implicit_embeddings.weight: 0.46044921875 MB
user_biases.weight: 0.003597259521484375 MB
item_biases.weight: 0.00629425048828125 MB
------------------------------------------
Total trainable parameters: 1.7365 MB 
Before training RMSE:2.1273481339870584
Epoch 1/30,	 Train Loss: 4.30362611579895,	 Eval Loss: 4.186874776983413,	 RMSE: 2.0365900129285497
Epoch 2/30,	 Train Loss: 3.7744699865341187,	 Eval Loss: 4.086328639389989,	 RMSE: 2.0109854157312963
Validation loss decreased (0.000000 --> -4.086329).  Saving model ...
Epoch 3/30,	 Train Loss: 3.393447311973572,	 Eval Loss: 4.0379385472105715,	 RMSE: 1.9988138371350832
Validation loss decreased (0.000000 --> -4.037939).  Saving model ...
Epoch 4/30,	 Train Loss: 3.1261270663261413,	 Eval Loss: 3.9927348953466444,	 RMSE: 1.9868985742877077
Validation loss decreased (0.000000 --> -3.992735).  Saving model ...
Epoch 5/30,	 Train Loss: 2.944258220291138,	 Eval Loss: 3.9565791474363676,	 RMSE: 1.9774724369312218
Validation loss decreased (0.000000 --> -3.956579).  Saving model ...
Epoch 6/30,	 Train Loss: 2.822372804260254,	 Eval Loss: 3.9271159674793767,	 RMSE: 1.9694516521251912
Validation loss decreased (0.000000 --> -3.927116).  Saving model ...
Epoch 7/30,	 Train Loss: 2.7399277347564697,	 Eval Loss: 3.900699050281756,	 RMSE: 1.9625315138788937
Validation loss decreased (0.000000 --> -3.900699).  Saving model ...
Epoch 8/30,	 Train Loss: 2.665856050491333,	 Eval Loss: 3.8695198499356596,	 RMSE: 1.9544930682133403
Validation loss decreased (0.000000 --> -3.869520).  Saving model ...
Epoch 9/30,	 Train Loss: 2.6005434912681578,	 Eval Loss: 3.8494304129109977,	 RMSE: 1.9491346881144826
Validation loss decreased (0.000000 --> -3.849430).  Saving model ...
Epoch 10/30,	 Train Loss: 2.5457592921257017,	 Eval Loss: 3.8228750305053905,	 RMSE: 1.9421378664878808
Validation loss decreased (0.000000 --> -3.822875).  Saving model ...
Epoch 11/30,	 Train Loss: 2.4941316860198977,	 Eval Loss: 3.8013052410972765,	 RMSE: 1.9364686533734599
Validation loss decreased (0.000000 --> -3.801305).  Saving model ...
Epoch 12/30,	 Train Loss: 2.45169756565094,	 Eval Loss: 3.784980965117677,	 RMSE: 1.932095815644542
Validation loss decreased (0.000000 --> -3.784981).  Saving model ...
Epoch 13/30,	 Train Loss: 2.412152794742584,	 Eval Loss: 3.763010748278219,	 RMSE: 1.9263345905603233
Validation loss decreased (0.000000 --> -3.763011).  Saving model ...
Epoch 14/30,	 Train Loss: 2.3724627026557923,	 Eval Loss: 3.7454321955720458,	 RMSE: 1.921528811837723
Validation loss decreased (0.000000 --> -3.745432).  Saving model ...
Epoch 15/30,	 Train Loss: 2.3371459012031557,	 Eval Loss: 3.7253981874392816,	 RMSE: 1.916603982721301
Validation loss decreased (0.000000 --> -3.725398).  Saving model ...
Epoch 16/30,	 Train Loss: 2.296355548620224,	 Eval Loss: 3.706006418782682,	 RMSE: 1.911301389250924
Validation loss decreased (0.000000 --> -3.706006).  Saving model ...
Epoch 17/30,	 Train Loss: 2.259515692901611,	 Eval Loss: 3.688608183266637,	 RMSE: 1.9068650722863574
Validation loss decreased (0.000000 --> -3.688608).  Saving model ...
Epoch 18/30,	 Train Loss: 2.225233171272278,	 Eval Loss: 3.675731537060235,	 RMSE: 1.9030894942661956
Validation loss decreased (0.000000 --> -3.675732).  Saving model ...
Epoch 19/30,	 Train Loss: 2.191482127952576,	 Eval Loss: 3.653138943754446,	 RMSE: 1.8970492518129638
Validation loss decreased (0.000000 --> -3.653139).  Saving model ...
Epoch 20/30,	 Train Loss: 2.1565930708885195,	 Eval Loss: 3.640289840606836,	 RMSE: 1.8935417035568258
Validation loss decreased (0.000000 --> -3.640290).  Saving model ...
Epoch 21/30,	 Train Loss: 2.122214565706253,	 Eval Loss: 3.6223026510244742,	 RMSE: 1.888831008546058
Validation loss decreased (0.000000 --> -3.622303).  Saving model ...
Epoch 22/30,	 Train Loss: 2.0880986620903017,	 Eval Loss: 3.604235160845918,	 RMSE: 1.8836582361983287
Validation loss decreased (0.000000 --> -3.604235).  Saving model ...
Epoch 23/30,	 Train Loss: 2.054070452594757,	 Eval Loss: 3.581609557992734,	 RMSE: 1.8778277929423846
Validation loss decreased (0.000000 --> -3.581610).  Saving model ...
Epoch 24/30,	 Train Loss: 2.0172425054073333,	 Eval Loss: 3.5657750322415045,	 RMSE: 1.8734506637752293
Validation loss decreased (0.000000 --> -3.565775).  Saving model ...
Epoch 25/30,	 Train Loss: 1.983287593126297,	 Eval Loss: 3.5485007538201327,	 RMSE: 1.8689431936679481
Validation loss decreased (0.000000 --> -3.548501).  Saving model ...
Epoch 26/30,	 Train Loss: 1.9501301570892333,	 Eval Loss: 3.536277748525333,	 RMSE: 1.8655197975428608
Validation loss decreased (0.000000 --> -3.536278).  Saving model ...
Epoch 27/30,	 Train Loss: 1.9140890294551849,	 Eval Loss: 3.511348255907004,	 RMSE: 1.8589455055682886
Validation loss decreased (0.000000 --> -3.511348).  Saving model ...
Epoch 28/30,	 Train Loss: 1.876682288455963,	 Eval Loss: 3.4977148059077154,	 RMSE: 1.8551695324880981
Validation loss decreased (0.000000 --> -3.497715).  Saving model ...
Epoch 29/30,	 Train Loss: 1.8411114527702332,	 Eval Loss: 3.471388466441974,	 RMSE: 1.8482127341452728
Validation loss decreased (0.000000 --> -3.471388).  Saving model ...
Epoch 30/30,	 Train Loss: 1.8075526394605637,	 Eval Loss: 3.45846436313166,	 RMSE: 1.8444295526003887
Validation loss decreased (0.000000 --> -3.458464).  Saving model ...
Minimum RMSE:1.8444295526003887
