Log dir:../log/2024-05-17_08-01-54
Device:cuda
model_config:
  embedding_size: 128
  dropout_rate: 0.5
  learning_rate: 0.001
  weight_decay: 1.0e-05
training_config:
  batch_size: 64
  num_epochs: 30
data_config:
  train_path: ../data/ml-100k/u1.base
  test_path: ../data/ml-100k/u1.test
  num_items: 1682
  num_users: 943

Baseline model:MatrixFactorization
------------------------------------------
global_bias: 0.0000 MB
user_embeddings.weight: 0.4609 MB
item_embeddings.weight: 0.8218 MB
user_biases.weight: 0.0036 MB
item_biases.weight: 0.0064 MB
------------------------------------------
Total trainable parameters: 1.2927 MB
Before training RMSE:3.621672860955394
Epoch 1/30,	 Train Loss: 3.836970150756836,	 Eval Loss: 1.1919459414939149,	 RMSE: 1.0722326451005795
Epoch 2/30,	 Train Loss: 0.993161837387085,	 Eval Loss: 0.9997406530018431,	 RMSE: 0.9853727448612358
Epoch 3/30,	 Train Loss: 0.9351184335231781,	 Eval Loss: 0.9809811562775804,	 RMSE: 0.9767037068172776
Epoch 4/30,	 Train Loss: 0.9218467364311218,	 Eval Loss: 0.9768096094314282,	 RMSE: 0.9743838898302846
Epoch 5/30,	 Train Loss: 0.9125654212713241,	 Eval Loss: 0.9849168496390882,	 RMSE: 0.9781045605501271
Epoch 6/30,	 Train Loss: 0.8983201885700226,	 Eval Loss: 0.9693556055664635,	 RMSE: 0.9706015365883368
Epoch 7/30,	 Train Loss: 0.869017606639862,	 Eval Loss: 0.9520431077137542,	 RMSE: 0.961209285853349
Epoch 8/30,	 Train Loss: 0.8155231347560883,	 Eval Loss: 0.9286645563265767,	 RMSE: 0.9498680115152763
Epoch 9/30,	 Train Loss: 0.7348227108240127,	 Eval Loss: 0.9157653064392626,	 RMSE: 0.9428365313087228
Epoch 10/30,	 Train Loss: 0.6309624769926071,	 Eval Loss: 0.8961171835375289,	 RMSE: 0.932840547673352
Epoch 11/30,	 Train Loss: 0.5133899763584137,	 Eval Loss: 0.8906488270995716,	 RMSE: 0.9298560627603513
Epoch 12/30,	 Train Loss: 0.3971020761013031,	 Eval Loss: 0.9036066426446263,	 RMSE: 0.9374779729657148
Epoch 13/30,	 Train Loss: 0.29634552911520007,	 Eval Loss: 0.9169925951157896,	 RMSE: 0.9439555791259779
Epoch 14/30,	 Train Loss: 0.2180204250693321,	 Eval Loss: 0.9359491750264701,	 RMSE: 0.9537729666124407
Epoch 15/30,	 Train Loss: 0.15895952889323234,	 Eval Loss: 0.9581609702529237,	 RMSE: 0.9652722767497945
Epoch 16/30,	 Train Loss: 0.1169402905613184,	 Eval Loss: 0.9718367510710281,	 RMSE: 0.9721150895602332
Stopping training.
Minimum RMSE:0.9298560627603513
