Log dir:../log/2024-05-17_05-52-33
Device:cuda
model_config:
  embedding_size: 128
  dropout_rate: 0.5
  learning_rate: 0.001
  weight_decay: 1.0e-05
training_config:
  batch_size: 64
  num_epochs: 30
data_config:
  train_path: ../data/ml-100k/u1.base
  test_path: ../data/ml-100k/u1.test
  num_items: 1682
  num_users: 943

Our model
------------------------------------------
user_embeddings.weight: 0.4609 MB
item_embeddings.weight: 0.8218 MB
user_biases.weight: 0.0036 MB
item_biases.weight: 0.0064 MB
user_linear.weight: 0.0625 MB
item_linear.weight: 0.0625 MB
------------------------------------------
Total trainable parameters: 1.4177 MB
Before training RMSE:1.2562440915213895
Epoch 1/30,	 Train Loss: 1.0153361647605896,	 Eval Loss: 0.996437213957881,	 RMSE: 0.9837362328405629
Epoch 2/30,	 Train Loss: 0.9189165212154389,	 Eval Loss: 0.965578911879573,	 RMSE: 0.9691132959228709
Epoch 3/30,	 Train Loss: 0.8822570645332336,	 Eval Loss: 0.9417842918881973,	 RMSE: 0.9576154829449027
Epoch 4/30,	 Train Loss: 0.8478991832971573,	 Eval Loss: 0.9152760727527424,	 RMSE: 0.9436873288396112
Epoch 5/30,	 Train Loss: 0.8117966967821121,	 Eval Loss: 0.8960973753715856,	 RMSE: 0.934002748772436
Epoch 6/30,	 Train Loss: 0.7790883325338364,	 Eval Loss: 0.8902284047854975,	 RMSE: 0.9307747721601493
Epoch 7/30,	 Train Loss: 0.7477818257093429,	 Eval Loss: 0.8914685912025623,	 RMSE: 0.9314293669625057
Epoch 8/30,	 Train Loss: 0.713359808421135,	 Eval Loss: 0.8974364659847162,	 RMSE: 0.9343890537560712
Epoch 9/30,	 Train Loss: 0.6753912750005722,	 Eval Loss: 0.9039644859850217,	 RMSE: 0.9376204920616341
Epoch 10/30,	 Train Loss: 0.6373831652164459,	 Eval Loss: 0.9143364507550249,	 RMSE: 0.9422941653789836
Epoch 11/30,	 Train Loss: 0.5988780485630035,	 Eval Loss: 0.9314836219857676,	 RMSE: 0.9512211208050767
Stopping training.
Minimum RMSE:0.9307747721601493
