Log dir:../log/2024-05-12_20-56-55
Device:cuda
model_config:
  embedding_size: 128
  dropout_rate: 0.5
  learning_rate: 0.001
  weight_decay: 1.0e-05
training_config:
  batch_size: 64
  num_epochs: 30
data_config:
  train_path: ../data/ml-100k/u1.base
  test_path: ../data/ml-100k/u1.test
  num_items: 1682
  num_users: 943

torch.Size([944, 128])
------------------------------------------
global_bias: 4.0000 B
user_embeddings.weight: 483328.0000 B
item_embeddings.weight: 861696.0000 B
user_biases.weight: 3776.0000 B
item_biases.weight: 6732.0000 B
------------------------------------------
Total trainable parameters: 1.2927 MB 
Before training RMSE:1.2272203404558706
Epoch 1/30,	 Train Loss: 1.0777014747142792,	 Eval Loss: 1.0284335030534397,	 RMSE: 0.9952618031213296
Epoch 2/30,	 Train Loss: 0.9355941517353058,	 Eval Loss: 0.9837333478104954,	 RMSE: 0.9740717805819835
Validation loss decreased.  Saving model ...
Epoch 3/30,	 Train Loss: 0.845118563914299,	 Eval Loss: 0.9215832084131698,	 RMSE: 0.9436702585088292
Validation loss decreased.  Saving model ...
Epoch 4/30,	 Train Loss: 0.725807692527771,	 Eval Loss: 0.8849153851929564,	 RMSE: 0.9255229183714184
Validation loss decreased.  Saving model ...
Epoch 5/30,	 Train Loss: 0.5828385054826737,	 Eval Loss: 0.8679035245991362,	 RMSE: 0.9173047582340241
Validation loss decreased.  Saving model ...
Epoch 6/30,	 Train Loss: 0.4360973901629448,	 Eval Loss: 0.8716119051741335,	 RMSE: 0.9192163052451262
Epoch 7/30,	 Train Loss: 0.31475943862199784,	 Eval Loss: 0.8881776779413985,	 RMSE: 0.9281186644485994
Epoch 8/30,	 Train Loss: 0.22673799167871475,	 Eval Loss: 0.9124731017758672,	 RMSE: 0.940680358489628
Epoch 9/30,	 Train Loss: 0.1657896583199501,	 Eval Loss: 0.9352802620909084,	 RMSE: 0.9525646701999847
Epoch 10/30,	 Train Loss: 0.12417491081357002,	 Eval Loss: 0.9568436355255663,	 RMSE: 0.9635546030797928
Stopping training.
Minimum RMSE:0.9173047582340241
