Log dir:../log/2024-04-30_19-52-10
Device:cuda
model_config:
  embedding_size: 128
  dropout_rate: 0.5
  learning_rate: 0.001
  weight_decay: 1.0e-05
training_config:
  batch_size: 64
  num_epochs: 30
data_config:
  train_path: ../data/ml-100k/u1.base
  test_path: ../data/ml-100k/u1.test

------------------------------------------
global_bias: 3.814697265625e-06 MB
user_embeddings.weight: 0.46044921875 MB
item_embeddings.weight: 0.8056640625 MB
user_implicit_embeddings.weight: 0.46044921875 MB
user_biases.weight: 0.003597259521484375 MB
item_biases.weight: 0.00629425048828125 MB
------------------------------------------
Total trainable parameters: 1.7365 MB 
Before training RMSE:1.736875851581473
Epoch 1/30,	 Train Loss: 1.881561678314209,	 Eval Loss: 1.4596617035210704,	 RMSE: 1.190877690348936
Epoch 2/30,	 Train Loss: 0.9173870360374451,	 Eval Loss: 1.419022959546921,	 RMSE: 1.1775482929513974
Validation loss decreased (0.000000 --> -1.419023).  Saving model ...
Epoch 3/30,	 Train Loss: 0.8230678187608719,	 Eval Loss: 1.4553916832319083,	 RMSE: 1.192472808877463
Epoch 4/30,	 Train Loss: 0.7380512293577194,	 Eval Loss: 1.492618416444943,	 RMSE: 1.2076286280092579
Epoch 5/30,	 Train Loss: 0.6355537072658539,	 Eval Loss: 1.5327027317243642,	 RMSE: 1.2234066175317466
Epoch 6/30,	 Train Loss: 0.5207264625310898,	 Eval Loss: 1.5509826370511954,	 RMSE: 1.2305375759618502
Epoch 7/30,	 Train Loss: 0.4069673848748207,	 Eval Loss: 1.5811934036949573,	 RMSE: 1.2427643296813466
Stopping training.
Minimum RMSE:1.1775482929513974
