Log dir:../log/2024-05-12_21-54-46
Device:cuda
model_config:
  embedding_size: 128
  dropout_rate: 0.5
  learning_rate: 0.001
  weight_decay: 1.0e-05
training_config:
  batch_size: 64
  num_epochs: 30
data_config:
  train_path: ../data/ml-100k/u1.base
  test_path: ../data/ml-100k/u1.test
  num_items: 1682
  num_users: 943

------------------------------------------
global_bias: 4.0000 B
user_embeddings.weight: 483328.0000 B
item_embeddings.weight: 861696.0000 B
user_biases.weight: 3776.0000 B
item_biases.weight: 6732.0000 B
------------------------------------------
Total trainable parameters: 1.2927 MB 
Before training RMSE:1.2271982531622754
Epoch 1/30,	 Train Loss: 1.066999516439438,	 Eval Loss: 0.9966030935890758,	 RMSE: 0.983264372374047
Epoch 2/30,	 Train Loss: 0.8973770298957825,	 Eval Loss: 0.9555130221021061,	 RMSE: 0.9631104728334114
Validation loss decreased.  Saving model ...
Epoch 3/30,	 Train Loss: 0.8446506351709366,	 Eval Loss: 0.9266118632909208,	 RMSE: 0.9484838190094209
Validation loss decreased.  Saving model ...
Epoch 4/30,	 Train Loss: 0.7902629575967789,	 Eval Loss: 0.9038852162825795,	 RMSE: 0.9366475536361085
Validation loss decreased.  Saving model ...
Epoch 5/30,	 Train Loss: 0.7343907622337341,	 Eval Loss: 0.8889465840479818,	 RMSE: 0.9287629164494452
Validation loss decreased.  Saving model ...
Epoch 6/30,	 Train Loss: 0.6821533873558044,	 Eval Loss: 0.8801422670435982,	 RMSE: 0.9239364589978708
Validation loss decreased.  Saving model ...
Epoch 7/30,	 Train Loss: 0.6338187402486801,	 Eval Loss: 0.8761786005367487,	 RMSE: 0.9217324959027073
Validation loss decreased.  Saving model ...
Epoch 8/30,	 Train Loss: 0.5896251711368561,	 Eval Loss: 0.8755186294404843,	 RMSE: 0.9213239970543409
Validation loss decreased.  Saving model ...
Epoch 9/30,	 Train Loss: 0.5480122361898422,	 Eval Loss: 0.8780565621753851,	 RMSE: 0.9225726715806055
Epoch 10/30,	 Train Loss: 0.5081487436056137,	 Eval Loss: 0.880884688978378,	 RMSE: 0.9241872932439587
Epoch 11/30,	 Train Loss: 0.4705282705783844,	 Eval Loss: 0.8863218965621802,	 RMSE: 0.9271656823779008
Epoch 12/30,	 Train Loss: 0.43480692051649095,	 Eval Loss: 0.89264585787115,	 RMSE: 0.9305501898556762
Epoch 13/30,	 Train Loss: 0.402243595290184,	 Eval Loss: 0.8986187451563704,	 RMSE: 0.9337488219598443
Stopping training.
Minimum RMSE:0.9213239970543409
