Log dir:../log/2024-05-15_00-06-37
Device:cuda
model_config:
  embedding_size: 128
  dropout_rate: 0.5
  learning_rate: 0.001
  weight_decay: 1.0e-05
training_config:
  batch_size: 64
  num_epochs: 30
data_config:
  train_path: ../data/ml-100k/u1.base
  test_path: ../data/ml-100k/u1.test
  num_items: 1682
  num_users: 943

Baseline model:MatrixFactorization
------------------------------------------
global_bias: 0.0000 MB
user_embeddings.weight: 0.4609 MB
item_embeddings.weight: 0.8218 MB
user_biases.weight: 0.0036 MB
item_biases.weight: 0.0064 MB
------------------------------------------
Total trainable parameters: 1.2927 MB
Before training RMSE:1.7367269779045749
Epoch 1/30,	 Train Loss: 1.933164291524887,	 Eval Loss: 1.0962301179433402,	 RMSE: 1.024062913923769
Epoch 2/30,	 Train Loss: 0.9158945818901062,	 Eval Loss: 0.9434583427997443,	 RMSE: 0.9555079834686989
Validation loss decreased.  Saving model ...
Epoch 3/30,	 Train Loss: 0.818674279665947,	 Eval Loss: 0.9025108551445861,	 RMSE: 0.9352888335453184
Validation loss decreased.  Saving model ...
Epoch 4/30,	 Train Loss: 0.735111736536026,	 Eval Loss: 0.8912079686554857,	 RMSE: 0.9295364745878578
Validation loss decreased.  Saving model ...
Epoch 5/30,	 Train Loss: 0.6408723962545395,	 Eval Loss: 0.8771639592921772,	 RMSE: 0.9223853745259863
Validation loss decreased.  Saving model ...
Epoch 6/30,	 Train Loss: 0.531909720492363,	 Eval Loss: 0.8773312627697905,	 RMSE: 0.9225734086129707
Epoch 7/30,	 Train Loss: 0.4201551597595215,	 Eval Loss: 0.8859142160263306,	 RMSE: 0.9270491051437081
Epoch 8/30,	 Train Loss: 0.3191767614483833,	 Eval Loss: 0.9047006799961431,	 RMSE: 0.9366108661712907
Epoch 9/30,	 Train Loss: 0.23700088210701942,	 Eval Loss: 0.9241740082780393,	 RMSE: 0.9469706223064419
Epoch 10/30,	 Train Loss: 0.1751584299623966,	 Eval Loss: 0.9447530571835491,	 RMSE: 0.9573392546789083
Stopping training.
Minimum RMSE:0.9223853745259863
