Log dir:../log/2024-05-17_05-26-44
Device:cuda
model_config:
  embedding_size: 128
  dropout_rate: 0.5
  learning_rate: 0.001
  weight_decay: 1.0e-05
training_config:
  batch_size: 64
  num_epochs: 30
data_config:
  train_path: ../data/ml-100k/u1.base
  test_path: ../data/ml-100k/u1.test
  num_items: 1682
  num_users: 943

Our model
------------------------------------------
user_embeddings.weight: 0.4609 MB
item_embeddings.weight: 0.8218 MB
user_biases.weight: 0.0036 MB
item_biases.weight: 0.0064 MB
user_linear.weight: 0.0625 MB
user_linear.bias: 0.0005 MB
item_linear.weight: 0.0625 MB
item_linear.bias: 0.0005 MB
------------------------------------------
Total trainable parameters: 1.4187 MB
Before training RMSE:1.2348692407314412
Epoch 1/30,	 Train Loss: 0.9798405618667603,	 Eval Loss: 0.9641827478195532,	 RMSE: 0.9668970530624369
Epoch 2/30,	 Train Loss: 0.8842698916435242,	 Eval Loss: 0.9266941577862626,	 RMSE: 0.9485872864548628
Validation loss decreased.  Saving model ...
Epoch 3/30,	 Train Loss: 0.8464588429689407,	 Eval Loss: 0.9060762937838277,	 RMSE: 0.9382318198916227
Validation loss decreased.  Saving model ...
Epoch 4/30,	 Train Loss: 0.8164522357225418,	 Eval Loss: 0.8927013126615518,	 RMSE: 0.931647770616085
Validation loss decreased.  Saving model ...
Epoch 5/30,	 Train Loss: 0.7886896437883377,	 Eval Loss: 0.8859964238759428,	 RMSE: 0.928300534809029
Validation loss decreased.  Saving model ...
Epoch 6/30,	 Train Loss: 0.7618143719673157,	 Eval Loss: 0.893641295619666,	 RMSE: 0.9319203293978797
Epoch 7/30,	 Train Loss: 0.733450020480156,	 Eval Loss: 0.8888689238613787,	 RMSE: 0.929526392879784
Epoch 8/30,	 Train Loss: 0.7012182920455933,	 Eval Loss: 0.901215174232428,	 RMSE: 0.9355274100276807
Epoch 9/30,	 Train Loss: 0.6692996577262879,	 Eval Loss: 0.9014508632806163,	 RMSE: 0.9357256767752764
Epoch 10/30,	 Train Loss: 0.6364986709594727,	 Eval Loss: 0.9202259390498884,	 RMSE: 0.944841346524073
Stopping training.
Minimum RMSE:0.928300534809029
