Log dir:../log/2024-05-17_05-57-32
Device:cuda
model_config:
  embedding_size: 128
  dropout_rate: 0.5
  learning_rate: 0.001
  weight_decay: 1.0e-05
training_config:
  batch_size: 64
  num_epochs: 30
data_config:
  train_path: ../data/ml-100k/u1.base
  test_path: ../data/ml-100k/u1.test
  num_items: 1682
  num_users: 943

Our model
------------------------------------------
user_embeddings.weight: 0.4609 MB
item_embeddings.weight: 0.8218 MB
user_biases.weight: 0.0036 MB
item_biases.weight: 0.0064 MB
user_linear.weight: 0.0625 MB
item_linear.weight: 0.0625 MB
------------------------------------------
Total trainable parameters: 1.4177 MB
Before training RMSE:1.2597658387723625
Epoch 1/30,	 Train Loss: 1.019541729593277,	 Eval Loss: 0.9912315628018242,	 RMSE: 0.9814246570992611
Epoch 2/30,	 Train Loss: 0.9200690475463867,	 Eval Loss: 0.9670423064559412,	 RMSE: 0.9700741318977851
Epoch 3/30,	 Train Loss: 0.8897542287349701,	 Eval Loss: 0.9462095085805217,	 RMSE: 0.9599138600482416
Epoch 4/30,	 Train Loss: 0.8506192210674286,	 Eval Loss: 0.8981667892239726,	 RMSE: 0.9350022444783699
Epoch 5/30,	 Train Loss: 0.7781340454339981,	 Eval Loss: 0.8917073804539994,	 RMSE: 0.9314575220906214
Epoch 6/30,	 Train Loss: 0.7003947200298309,	 Eval Loss: 0.9048970051276417,	 RMSE: 0.9369669679636649
Epoch 7/30,	 Train Loss: 0.6290506816864013,	 Eval Loss: 0.9279181206949983,	 RMSE: 0.9487931225920695
Epoch 8/30,	 Train Loss: 0.5673186034917831,	 Eval Loss: 0.9870082325638293,	 RMSE: 0.9780850278899553
Epoch 9/30,	 Train Loss: 0.5187868913173675,	 Eval Loss: 1.0134251678523165,	 RMSE: 0.9900157845214266
Epoch 10/30,	 Train Loss: 0.47761869426965714,	 Eval Loss: 1.0403155796824934,	 RMSE: 1.0036374457839419
Stopping training.
Minimum RMSE:0.9314575220906214
