Log dir:../log/2024-05-17_06-00-57
Device:cuda
model_config:
  embedding_size: 128
  dropout_rate: 0.5
  learning_rate: 0.001
  weight_decay: 1.0e-05
training_config:
  batch_size: 64
  num_epochs: 30
data_config:
  train_path: ../data/ml-100k/u1.base
  test_path: ../data/ml-100k/u1.test
  num_items: 1682
  num_users: 943

Our model
------------------------------------------
user_embeddings.weight: 0.4609 MB
item_embeddings.weight: 0.8218 MB
user_biases.weight: 0.0036 MB
item_biases.weight: 0.0064 MB
user_linear.weight: 0.0625 MB
item_linear.weight: 0.0625 MB
------------------------------------------
Total trainable parameters: 1.4177 MB
Before training RMSE:1.256936969603407
Epoch 1/30,	 Train Loss: 1.015221148300171,	 Eval Loss: 1.000035159884931,	 RMSE: 0.9857387575751578
Epoch 2/30,	 Train Loss: 0.9136177128791809,	 Eval Loss: 0.9396678478763507,	 RMSE: 0.9564593771534683
Epoch 3/30,	 Train Loss: 0.8521634931325912,	 Eval Loss: 0.9124342978191071,	 RMSE: 0.9429240829463743
Epoch 4/30,	 Train Loss: 0.8075536883354187,	 Eval Loss: 0.8886421829366836,	 RMSE: 0.930164477133768
Epoch 5/30,	 Train Loss: 0.7670803549528122,	 Eval Loss: 0.8890094902759162,	 RMSE: 0.9304186184982772
Epoch 6/30,	 Train Loss: 0.7177299706935882,	 Eval Loss: 0.9024335928618337,	 RMSE: 0.9366954276101873
Epoch 7/30,	 Train Loss: 0.6557077771902085,	 Eval Loss: 0.9290194718982465,	 RMSE: 0.9492315166898959
Epoch 8/30,	 Train Loss: 0.5892644338130951,	 Eval Loss: 0.972106831332746,	 RMSE: 0.9703809539769697
Epoch 9/30,	 Train Loss: 0.5241563385009765,	 Eval Loss: 1.0041563513751228,	 RMSE: 0.9862801734441641
Stopping training.
Minimum RMSE:0.930164477133768
