Log dir:../log/2024-05-17_08-07-17
Device:cuda
model_config:
  embedding_size: 128
  dropout_rate: 0.5
  learning_rate: 0.001
  weight_decay: 1.0e-05
training_config:
  batch_size: 64
  num_epochs: 30
data_config:
  train_path: ../data/ml-100k/u1.base
  test_path: ../data/ml-100k/u1.test
  num_items: 1682
  num_users: 943

Our model
------------------------------------------
user_embeddings.weight: 0.4609 MB
item_embeddings.weight: 0.8218 MB
user_biases.weight: 0.0036 MB
item_biases.weight: 0.0064 MB
user_linear.weight: 0.0625 MB
item_linear.weight: 0.0625 MB
user_feature_linear.weight: 0.0112 MB
item_feature_linear.weight: 0.0093 MB
combine_u_liner.weight: 0.0625 MB
combine_u_liner.bias: 0.0005 MB
combine_i_liner.weight: 0.0625 MB
combine_i_liner.bias: 0.0005 MB
------------------------------------------
Total trainable parameters: 1.5642 MB
Before training RMSE:1.7093086554365213
Epoch 1/30,	 Train Loss: 1.005211041021347,	 Eval Loss: 0.9793279034832415,	 RMSE: 0.974640083419065
Epoch 2/30,	 Train Loss: 0.9004832395076752,	 Eval Loss: 0.941153029759471,	 RMSE: 0.9561192325762471
Epoch 3/30,	 Train Loss: 0.8617812540769577,	 Eval Loss: 0.923446714592437,	 RMSE: 0.9473336731689155
Epoch 4/30,	 Train Loss: 0.8292572405576706,	 Eval Loss: 0.9042990574250206,	 RMSE: 0.9377454013184371
Epoch 5/30,	 Train Loss: 0.806345097541809,	 Eval Loss: 0.8897944352687738,	 RMSE: 0.9300924484620336
Epoch 6/30,	 Train Loss: 0.787668937587738,	 Eval Loss: 0.8884669091945259,	 RMSE: 0.9292623203384867
Epoch 7/30,	 Train Loss: 0.7747033079385758,	 Eval Loss: 0.8815210334028298,	 RMSE: 0.92591285840819
Epoch 8/30,	 Train Loss: 0.7629774702072144,	 Eval Loss: 0.880233218875556,	 RMSE: 0.9251832030801106
Epoch 9/30,	 Train Loss: 0.7535908345222473,	 Eval Loss: 0.8796370966365924,	 RMSE: 0.9250312025407705
Epoch 10/30,	 Train Loss: 0.7431613975286484,	 Eval Loss: 0.8752033436260285,	 RMSE: 0.9224473887344031
Epoch 11/30,	 Train Loss: 0.7342764219999314,	 Eval Loss: 0.8815152206169531,	 RMSE: 0.9257248832689962
Epoch 12/30,	 Train Loss: 0.7259091827392579,	 Eval Loss: 0.8825954022689368,	 RMSE: 0.9258413029039908
Epoch 13/30,	 Train Loss: 0.7158625293254852,	 Eval Loss: 0.8836464190635437,	 RMSE: 0.9264731433529976
Epoch 14/30,	 Train Loss: 0.7068840500116348,	 Eval Loss: 0.8907749970880942,	 RMSE: 0.9301822115827164
Epoch 15/30,	 Train Loss: 0.6983886164665222,	 Eval Loss: 0.8970375716114958,	 RMSE: 0.932867664243181
Stopping training.
Minimum RMSE:0.9224473887344031
