Log dir:../log/2024-05-12_20-58-38
Device:cuda
model_config:
  embedding_size: 128
  dropout_rate: 0.5
  learning_rate: 0.001
  weight_decay: 1.0e-05
training_config:
  batch_size: 64
  num_epochs: 30
data_config:
  train_path: ../data/ml-100k/u1.base
  test_path: ../data/ml-100k/u1.test
  num_items: 1682
  num_users: 943

torch.Size([944, 128])
------------------------------------------
global_bias: 4.0000 B
user_embeddings.weight: 483328.0000 B
item_embeddings.weight: 861696.0000 B
user_biases.weight: 3776.0000 B
item_biases.weight: 6732.0000 B
------------------------------------------
Total trainable parameters: 1.2927 MB 
Before training RMSE:1.2269008083098172
Epoch 1/30,	 Train Loss: 1.077526288175583,	 Eval Loss: 1.015265516103647,	 RMSE: 0.9898893083376019
Epoch 2/30,	 Train Loss: 0.9336826589107513,	 Eval Loss: 0.9939445360971335,	 RMSE: 0.9787693244684484
Validation loss decreased.  Saving model ...
Epoch 3/30,	 Train Loss: 0.8634862582683563,	 Eval Loss: 0.9360635064470882,	 RMSE: 0.9503249239279127
Validation loss decreased.  Saving model ...
Epoch 4/30,	 Train Loss: 0.743728994679451,	 Eval Loss: 0.8940494312836339,	 RMSE: 0.9296156454418824
Validation loss decreased.  Saving model ...
Epoch 5/30,	 Train Loss: 0.5988277926921844,	 Eval Loss: 0.8736623731284096,	 RMSE: 0.9197844663387407
Validation loss decreased.  Saving model ...
Epoch 6/30,	 Train Loss: 0.4482141476273537,	 Eval Loss: 0.87547888494909,	 RMSE: 0.9207870486071706
Epoch 7/30,	 Train Loss: 0.3224355897665024,	 Eval Loss: 0.8916601335850006,	 RMSE: 0.9295222969907035
Epoch 8/30,	 Train Loss: 0.23114397931694985,	 Eval Loss: 0.9157922060344927,	 RMSE: 0.9421029912299262
Epoch 9/30,	 Train Loss: 0.16821445168852805,	 Eval Loss: 0.9381851490122822,	 RMSE: 0.9537806715320932
Epoch 10/30,	 Train Loss: 0.12544021154642104,	 Eval Loss: 0.959153124223502,	 RMSE: 0.9645874164210773
Stopping training.
Minimum RMSE:0.9197844663387407
